2018-09-13 19:02:36.110  INFO 4112 --- [main] com.jack.Mybatis                         : Starting Mybatis on PC-201801241737 with PID 4112 (F:\springboot\mybatis\target\classes started by Administrator in F:\springboot\mybatis)
2018-09-13 19:02:36.151  INFO 4112 --- [main] com.jack.Mybatis                         : The following profiles are active: druid,dev
2018-09-13 19:02:36.404  INFO 4112 --- [main] ConfigServletWebServerApplicationContext : Refreshing org.springframework.boot.web.servlet.context.AnnotationConfigServletWebServerApplicationContext@5656be13: startup date [Thu Sep 13 19:02:36 CST 2018]; root of context hierarchy
2018-09-13 19:02:39.339  INFO 4112 --- [main] o.s.b.w.embedded.tomcat.TomcatWebServer  : Tomcat initialized with port(s): 8888 (http)
2018-09-13 19:02:39.412  INFO 4112 --- [main] o.apache.catalina.core.StandardService   : Starting service [Tomcat]
2018-09-13 19:02:39.412  INFO 4112 --- [main] org.apache.catalina.core.StandardEngine  : Starting Servlet Engine: Apache Tomcat/8.5.34
2018-09-13 19:02:39.428  INFO 4112 --- [localhost-startStop-1] o.a.catalina.core.AprLifecycleListener   : The APR based Apache Tomcat Native library which allows optimal performance in production environments was not found on the java.library.path: [C:\Program Files\Java\jdk1.8.0_131\bin;C:\Windows\Sun\Java\bin;C:\Windows\system32;C:\Windows;C:\ProgramData\Oracle\Java\javapath;C:\Windows\system32;C:\Windows;C:\Windows\System32\Wbem;C:\Windows\System32\WindowsPowerShell\v1.0\;C:\Program Files\TortoiseSVN\bin;C:\Program Files (x86)\python;C:\Program Files (x86)\python\Scripts;C:\Program Files\Java\jdk1.8.0_131\bin;C:\Program Files\Java\jdk1.8.0_131\jre\bin;C:\Program Files\gradle-4.6\bin;D:\nodejs\;D:\nodejs\node_global;C:\Program Files (x86)\MySQL\MySQL Utilities 1.6\;C:\Program Files\Git\cmd;C:\Users\Administrator\AppData\Roaming\npm;.]
2018-09-13 19:02:39.649  INFO 4112 --- [localhost-startStop-1] o.a.c.c.C.[.[localhost].[/api/v1]        : Initializing Spring embedded WebApplicationContext
2018-09-13 19:02:39.650  INFO 4112 --- [localhost-startStop-1] o.s.web.context.ContextLoader            : Root WebApplicationContext: initialization completed in 3246 ms
2018-09-13 19:02:39.800  INFO 4112 --- [localhost-startStop-1] o.s.b.w.servlet.ServletRegistrationBean  : Servlet dispatcherServlet mapped to [/]
2018-09-13 19:02:39.809  INFO 4112 --- [localhost-startStop-1] o.s.b.w.servlet.FilterRegistrationBean   : Mapping filter: 'characterEncodingFilter' to: [/*]
2018-09-13 19:02:39.810  INFO 4112 --- [localhost-startStop-1] o.s.b.w.servlet.FilterRegistrationBean   : Mapping filter: 'hiddenHttpMethodFilter' to: [/*]
2018-09-13 19:02:39.812  INFO 4112 --- [localhost-startStop-1] o.s.b.w.servlet.FilterRegistrationBean   : Mapping filter: 'httpPutFormContentFilter' to: [/*]
2018-09-13 19:02:39.812  INFO 4112 --- [localhost-startStop-1] o.s.b.w.servlet.FilterRegistrationBean   : Mapping filter: 'requestContextFilter' to: [/*]
2018-09-13 19:02:41.230  INFO 4112 --- [main] o.s.w.s.handler.SimpleUrlHandlerMapping  : Mapped URL path [/**/favicon.ico] onto handler of type [class org.springframework.web.servlet.resource.ResourceHttpRequestHandler]
2018-09-13 19:02:41.608  INFO 4112 --- [main] s.w.s.m.m.a.RequestMappingHandlerAdapter : Looking for @ControllerAdvice: org.springframework.boot.web.servlet.context.AnnotationConfigServletWebServerApplicationContext@5656be13: startup date [Thu Sep 13 19:02:36 CST 2018]; root of context hierarchy
2018-09-13 19:02:42.079  INFO 4112 --- [main] s.w.s.m.m.a.RequestMappingHandlerMapping : Mapped "{[/error]}" onto public org.springframework.http.ResponseEntity<java.util.Map<java.lang.String, java.lang.Object>> org.springframework.boot.autoconfigure.web.servlet.error.BasicErrorController.error(javax.servlet.http.HttpServletRequest)
2018-09-13 19:02:42.082  INFO 4112 --- [main] s.w.s.m.m.a.RequestMappingHandlerMapping : Mapped "{[/error],produces=[text/html]}" onto public org.springframework.web.servlet.ModelAndView org.springframework.boot.autoconfigure.web.servlet.error.BasicErrorController.errorHtml(javax.servlet.http.HttpServletRequest,javax.servlet.http.HttpServletResponse)
2018-09-13 19:02:42.144  INFO 4112 --- [main] o.s.w.s.handler.SimpleUrlHandlerMapping  : Mapped URL path [/webjars/**] onto handler of type [class org.springframework.web.servlet.resource.ResourceHttpRequestHandler]
2018-09-13 19:02:42.147  INFO 4112 --- [main] o.s.w.s.handler.SimpleUrlHandlerMapping  : Mapped URL path [/**] onto handler of type [class org.springframework.web.servlet.resource.ResourceHttpRequestHandler]
2018-09-13 19:02:42.693  INFO 4112 --- [main] o.s.j.e.a.AnnotationMBeanExporter        : Registering beans for JMX exposure on startup
2018-09-13 19:02:42.696  INFO 4112 --- [main] o.s.j.e.a.AnnotationMBeanExporter        : Bean with name 'dataSource' has been autodetected for JMX exposure
2018-09-13 19:02:42.707  INFO 4112 --- [main] o.s.j.e.a.AnnotationMBeanExporter        : Located MBean 'dataSource': registering with JMX server as MBean [com.zaxxer.hikari:name=dataSource,type=HikariDataSource]
2018-09-13 19:02:42.788  INFO 4112 --- [main] o.s.b.w.embedded.tomcat.TomcatWebServer  : Tomcat started on port(s): 8888 (http) with context path '/api/v1'
2018-09-13 19:02:42.794  INFO 4112 --- [main] com.jack.Mybatis                         : Started Mybatis in 7.992 seconds (JVM running for 13.281)
2018-09-13 19:06:35.011  INFO 6704 --- [main] com.jack.Mybatis                         : Starting Mybatis on PC-201801241737 with PID 6704 (F:\springboot\mybatis\target\classes started by Administrator in F:\springboot\mybatis)
2018-09-13 19:06:35.016  INFO 6704 --- [main] com.jack.Mybatis                         : The following profiles are active: druid,dev
2018-09-13 19:06:35.177  INFO 6704 --- [main] ConfigServletWebServerApplicationContext : Refreshing org.springframework.boot.web.servlet.context.AnnotationConfigServletWebServerApplicationContext@76505305: startup date [Thu Sep 13 19:06:35 CST 2018]; root of context hierarchy
2018-09-13 19:06:37.928  INFO 6704 --- [main] o.s.b.w.embedded.tomcat.TomcatWebServer  : Tomcat initialized with port(s): 8888 (http)
2018-09-13 19:06:37.966  INFO 6704 --- [main] o.apache.catalina.core.StandardService   : Starting service [Tomcat]
2018-09-13 19:06:37.967  INFO 6704 --- [main] org.apache.catalina.core.StandardEngine  : Starting Servlet Engine: Apache Tomcat/8.5.34
2018-09-13 19:06:37.974  INFO 6704 --- [localhost-startStop-1] o.a.catalina.core.AprLifecycleListener   : The APR based Apache Tomcat Native library which allows optimal performance in production environments was not found on the java.library.path: [C:\Program Files\Java\jdk1.8.0_131\bin;C:\Windows\Sun\Java\bin;C:\Windows\system32;C:\Windows;C:\ProgramData\Oracle\Java\javapath;C:\Windows\system32;C:\Windows;C:\Windows\System32\Wbem;C:\Windows\System32\WindowsPowerShell\v1.0\;C:\Program Files\TortoiseSVN\bin;C:\Program Files (x86)\python;C:\Program Files (x86)\python\Scripts;C:\Program Files\Java\jdk1.8.0_131\bin;C:\Program Files\Java\jdk1.8.0_131\jre\bin;C:\Program Files\gradle-4.6\bin;D:\nodejs\;D:\nodejs\node_global;C:\Program Files (x86)\MySQL\MySQL Utilities 1.6\;C:\Program Files\Git\cmd;C:\Users\Administrator\AppData\Roaming\npm;.]
2018-09-13 19:06:38.168  INFO 6704 --- [localhost-startStop-1] o.a.c.c.C.[.[localhost].[/api/v1]        : Initializing Spring embedded WebApplicationContext
2018-09-13 19:06:38.168  INFO 6704 --- [localhost-startStop-1] o.s.web.context.ContextLoader            : Root WebApplicationContext: initialization completed in 2992 ms
2018-09-13 19:06:38.279  INFO 6704 --- [localhost-startStop-1] o.s.b.w.servlet.ServletRegistrationBean  : Servlet dispatcherServlet mapped to [/]
2018-09-13 19:06:38.286  INFO 6704 --- [localhost-startStop-1] o.s.b.w.servlet.FilterRegistrationBean   : Mapping filter: 'characterEncodingFilter' to: [/*]
2018-09-13 19:06:38.286  INFO 6704 --- [localhost-startStop-1] o.s.b.w.servlet.FilterRegistrationBean   : Mapping filter: 'hiddenHttpMethodFilter' to: [/*]
2018-09-13 19:06:38.287  INFO 6704 --- [localhost-startStop-1] o.s.b.w.servlet.FilterRegistrationBean   : Mapping filter: 'httpPutFormContentFilter' to: [/*]
2018-09-13 19:06:38.287  INFO 6704 --- [localhost-startStop-1] o.s.b.w.servlet.FilterRegistrationBean   : Mapping filter: 'requestContextFilter' to: [/*]
2018-09-13 19:06:39.461  INFO 6704 --- [main] o.s.w.s.handler.SimpleUrlHandlerMapping  : Mapped URL path [/**/favicon.ico] onto handler of type [class org.springframework.web.servlet.resource.ResourceHttpRequestHandler]
2018-09-13 19:06:39.921  INFO 6704 --- [main] s.w.s.m.m.a.RequestMappingHandlerAdapter : Looking for @ControllerAdvice: org.springframework.boot.web.servlet.context.AnnotationConfigServletWebServerApplicationContext@76505305: startup date [Thu Sep 13 19:06:35 CST 2018]; root of context hierarchy
2018-09-13 19:06:39.996  INFO 6704 --- [main] s.w.s.m.m.a.RequestMappingHandlerMapping : Mapped "{[/]}" onto public java.lang.String com.jack.controller.Test.test()
2018-09-13 19:06:40.005  INFO 6704 --- [main] s.w.s.m.m.a.RequestMappingHandlerMapping : Mapped "{[/error]}" onto public org.springframework.http.ResponseEntity<java.util.Map<java.lang.String, java.lang.Object>> org.springframework.boot.autoconfigure.web.servlet.error.BasicErrorController.error(javax.servlet.http.HttpServletRequest)
2018-09-13 19:06:40.007  INFO 6704 --- [main] s.w.s.m.m.a.RequestMappingHandlerMapping : Mapped "{[/error],produces=[text/html]}" onto public org.springframework.web.servlet.ModelAndView org.springframework.boot.autoconfigure.web.servlet.error.BasicErrorController.errorHtml(javax.servlet.http.HttpServletRequest,javax.servlet.http.HttpServletResponse)
2018-09-13 19:06:40.054  INFO 6704 --- [main] o.s.w.s.handler.SimpleUrlHandlerMapping  : Mapped URL path [/webjars/**] onto handler of type [class org.springframework.web.servlet.resource.ResourceHttpRequestHandler]
2018-09-13 19:06:40.055  INFO 6704 --- [main] o.s.w.s.handler.SimpleUrlHandlerMapping  : Mapped URL path [/**] onto handler of type [class org.springframework.web.servlet.resource.ResourceHttpRequestHandler]
2018-09-13 19:06:40.416  INFO 6704 --- [main] o.s.j.e.a.AnnotationMBeanExporter        : Registering beans for JMX exposure on startup
2018-09-13 19:06:40.419  INFO 6704 --- [main] o.s.j.e.a.AnnotationMBeanExporter        : Bean with name 'dataSource' has been autodetected for JMX exposure
2018-09-13 19:06:40.428  INFO 6704 --- [main] o.s.j.e.a.AnnotationMBeanExporter        : Located MBean 'dataSource': registering with JMX server as MBean [com.zaxxer.hikari:name=dataSource,type=HikariDataSource]
2018-09-13 19:06:40.495  INFO 6704 --- [main] o.s.b.w.embedded.tomcat.TomcatWebServer  : Tomcat started on port(s): 8888 (http) with context path '/api/v1'
2018-09-13 19:06:40.502  INFO 6704 --- [main] com.jack.Mybatis                         : Started Mybatis in 6.632 seconds (JVM running for 8.653)
2018-09-13 19:07:28.908  INFO 6704 --- [http-nio-8888-exec-1] o.a.c.c.C.[.[localhost].[/api/v1]        : Initializing Spring FrameworkServlet 'dispatcherServlet'
2018-09-13 19:07:28.908  INFO 6704 --- [http-nio-8888-exec-1] o.s.web.servlet.DispatcherServlet        : FrameworkServlet 'dispatcherServlet': initialization started
2018-09-13 19:07:28.944  INFO 6704 --- [http-nio-8888-exec-1] o.s.web.servlet.DispatcherServlet        : FrameworkServlet 'dispatcherServlet': initialization completed in 35 ms
2018-09-13 19:07:53.244  INFO 9712 --- [main] com.jack.Mybatis                         : Starting Mybatis on PC-201801241737 with PID 9712 (F:\springboot\mybatis\target\classes started by Administrator in F:\springboot\mybatis)
2018-09-13 19:07:53.250  INFO 9712 --- [main] com.jack.Mybatis                         : The following profiles are active: druid,dev
2018-09-13 19:07:53.423  INFO 9712 --- [main] ConfigServletWebServerApplicationContext : Refreshing org.springframework.boot.web.servlet.context.AnnotationConfigServletWebServerApplicationContext@76505305: startup date [Thu Sep 13 19:07:53 CST 2018]; root of context hierarchy
2018-09-13 19:07:56.131  INFO 9712 --- [main] o.s.b.w.embedded.tomcat.TomcatWebServer  : Tomcat initialized with port(s): 8888 (http)
2018-09-13 19:07:56.166  INFO 9712 --- [main] o.apache.catalina.core.StandardService   : Starting service [Tomcat]
2018-09-13 19:07:56.167  INFO 9712 --- [main] org.apache.catalina.core.StandardEngine  : Starting Servlet Engine: Apache Tomcat/8.5.34
2018-09-13 19:07:56.174  INFO 9712 --- [localhost-startStop-1] o.a.catalina.core.AprLifecycleListener   : The APR based Apache Tomcat Native library which allows optimal performance in production environments was not found on the java.library.path: [C:\Program Files\Java\jdk1.8.0_131\bin;C:\Windows\Sun\Java\bin;C:\Windows\system32;C:\Windows;C:\ProgramData\Oracle\Java\javapath;C:\Windows\system32;C:\Windows;C:\Windows\System32\Wbem;C:\Windows\System32\WindowsPowerShell\v1.0\;C:\Program Files\TortoiseSVN\bin;C:\Program Files (x86)\python;C:\Program Files (x86)\python\Scripts;C:\Program Files\Java\jdk1.8.0_131\bin;C:\Program Files\Java\jdk1.8.0_131\jre\bin;C:\Program Files\gradle-4.6\bin;D:\nodejs\;D:\nodejs\node_global;C:\Program Files (x86)\MySQL\MySQL Utilities 1.6\;C:\Program Files\Git\cmd;C:\Users\Administrator\AppData\Roaming\npm;.]
2018-09-13 19:07:56.405  INFO 9712 --- [localhost-startStop-1] o.a.c.c.C.[.[localhost].[/api/v1]        : Initializing Spring embedded WebApplicationContext
2018-09-13 19:07:56.405  INFO 9712 --- [localhost-startStop-1] o.s.web.context.ContextLoader            : Root WebApplicationContext: initialization completed in 2983 ms
2018-09-13 19:07:56.522  INFO 9712 --- [localhost-startStop-1] o.s.b.w.servlet.ServletRegistrationBean  : Servlet dispatcherServlet mapped to [/]
2018-09-13 19:07:56.531  INFO 9712 --- [localhost-startStop-1] o.s.b.w.servlet.FilterRegistrationBean   : Mapping filter: 'characterEncodingFilter' to: [/*]
2018-09-13 19:07:56.532  INFO 9712 --- [localhost-startStop-1] o.s.b.w.servlet.FilterRegistrationBean   : Mapping filter: 'hiddenHttpMethodFilter' to: [/*]
2018-09-13 19:07:56.533  INFO 9712 --- [localhost-startStop-1] o.s.b.w.servlet.FilterRegistrationBean   : Mapping filter: 'httpPutFormContentFilter' to: [/*]
2018-09-13 19:07:56.533  INFO 9712 --- [localhost-startStop-1] o.s.b.w.servlet.FilterRegistrationBean   : Mapping filter: 'requestContextFilter' to: [/*]
2018-09-13 19:07:57.585  INFO 9712 --- [main] o.s.w.s.handler.SimpleUrlHandlerMapping  : Mapped URL path [/**/favicon.ico] onto handler of type [class org.springframework.web.servlet.resource.ResourceHttpRequestHandler]
2018-09-13 19:07:57.920  INFO 9712 --- [main] s.w.s.m.m.a.RequestMappingHandlerAdapter : Looking for @ControllerAdvice: org.springframework.boot.web.servlet.context.AnnotationConfigServletWebServerApplicationContext@76505305: startup date [Thu Sep 13 19:07:53 CST 2018]; root of context hierarchy
2018-09-13 19:07:58.185  INFO 9712 --- [main] s.w.s.m.m.a.RequestMappingHandlerMapping : Mapped "{[/test]}" onto public java.lang.String com.jack.controller.Test.test()
2018-09-13 19:07:58.192  INFO 9712 --- [main] s.w.s.m.m.a.RequestMappingHandlerMapping : Mapped "{[/error]}" onto public org.springframework.http.ResponseEntity<java.util.Map<java.lang.String, java.lang.Object>> org.springframework.boot.autoconfigure.web.servlet.error.BasicErrorController.error(javax.servlet.http.HttpServletRequest)
2018-09-13 19:07:58.193  INFO 9712 --- [main] s.w.s.m.m.a.RequestMappingHandlerMapping : Mapped "{[/error],produces=[text/html]}" onto public org.springframework.web.servlet.ModelAndView org.springframework.boot.autoconfigure.web.servlet.error.BasicErrorController.errorHtml(javax.servlet.http.HttpServletRequest,javax.servlet.http.HttpServletResponse)
2018-09-13 19:07:58.236  INFO 9712 --- [main] o.s.w.s.handler.SimpleUrlHandlerMapping  : Mapped URL path [/webjars/**] onto handler of type [class org.springframework.web.servlet.resource.ResourceHttpRequestHandler]
2018-09-13 19:07:58.237  INFO 9712 --- [main] o.s.w.s.handler.SimpleUrlHandlerMapping  : Mapped URL path [/**] onto handler of type [class org.springframework.web.servlet.resource.ResourceHttpRequestHandler]
2018-09-13 19:07:58.581  INFO 9712 --- [main] o.s.j.e.a.AnnotationMBeanExporter        : Registering beans for JMX exposure on startup
2018-09-13 19:07:58.584  INFO 9712 --- [main] o.s.j.e.a.AnnotationMBeanExporter        : Bean with name 'dataSource' has been autodetected for JMX exposure
2018-09-13 19:07:58.592  INFO 9712 --- [main] o.s.j.e.a.AnnotationMBeanExporter        : Located MBean 'dataSource': registering with JMX server as MBean [com.zaxxer.hikari:name=dataSource,type=HikariDataSource]
2018-09-13 19:07:58.649  INFO 9712 --- [main] o.s.b.w.embedded.tomcat.TomcatWebServer  : Tomcat started on port(s): 8888 (http) with context path '/api/v1'
2018-09-13 19:07:58.655  INFO 9712 --- [main] com.jack.Mybatis                         : Started Mybatis in 6.738 seconds (JVM running for 8.451)
2018-09-13 19:08:06.387  INFO 9712 --- [http-nio-8888-exec-1] o.a.c.c.C.[.[localhost].[/api/v1]        : Initializing Spring FrameworkServlet 'dispatcherServlet'
2018-09-13 19:08:06.389  INFO 9712 --- [http-nio-8888-exec-1] o.s.web.servlet.DispatcherServlet        : FrameworkServlet 'dispatcherServlet': initialization started
2018-09-13 19:08:06.413  INFO 9712 --- [http-nio-8888-exec-1] o.s.web.servlet.DispatcherServlet        : FrameworkServlet 'dispatcherServlet': initialization completed in 24 ms
2018-09-13 19:08:16.300  INFO 9712 --- [http-nio-8888-exec-3] com.zaxxer.hikari.HikariDataSource       : HikariPool-1 - Starting...
2018-09-13 19:08:16.730  INFO 9712 --- [http-nio-8888-exec-3] com.zaxxer.hikari.HikariDataSource       : HikariPool-1 - Start completed.
2018-09-13 19:08:50.892  INFO 10832 --- [main] com.jack.Mybatis                         : Starting Mybatis on PC-201801241737 with PID 10832 (F:\springboot\mybatis\target\classes started by Administrator in F:\springboot\mybatis)
2018-09-13 19:08:50.901  INFO 10832 --- [main] com.jack.Mybatis                         : The following profiles are active: druid,dev
2018-09-13 19:08:51.017  INFO 10832 --- [main] ConfigServletWebServerApplicationContext : Refreshing org.springframework.boot.web.servlet.context.AnnotationConfigServletWebServerApplicationContext@4218d6a3: startup date [Thu Sep 13 19:08:51 CST 2018]; root of context hierarchy
2018-09-13 19:08:54.160  INFO 10832 --- [main] o.s.b.w.embedded.tomcat.TomcatWebServer  : Tomcat initialized with port(s): 8888 (http)
2018-09-13 19:08:54.199  INFO 10832 --- [main] o.apache.catalina.core.StandardService   : Starting service [Tomcat]
2018-09-13 19:08:54.199  INFO 10832 --- [main] org.apache.catalina.core.StandardEngine  : Starting Servlet Engine: Apache Tomcat/8.5.34
2018-09-13 19:08:54.207  INFO 10832 --- [localhost-startStop-1] o.a.catalina.core.AprLifecycleListener   : The APR based Apache Tomcat Native library which allows optimal performance in production environments was not found on the java.library.path: [C:\Program Files\Java\jdk1.8.0_131\bin;C:\Windows\Sun\Java\bin;C:\Windows\system32;C:\Windows;C:\ProgramData\Oracle\Java\javapath;C:\Windows\system32;C:\Windows;C:\Windows\System32\Wbem;C:\Windows\System32\WindowsPowerShell\v1.0\;C:\Program Files\TortoiseSVN\bin;C:\Program Files (x86)\python;C:\Program Files (x86)\python\Scripts;C:\Program Files\Java\jdk1.8.0_131\bin;C:\Program Files\Java\jdk1.8.0_131\jre\bin;C:\Program Files\gradle-4.6\bin;D:\nodejs\;D:\nodejs\node_global;C:\Program Files (x86)\MySQL\MySQL Utilities 1.6\;C:\Program Files\Git\cmd;C:\Users\Administrator\AppData\Roaming\npm;.]
2018-09-13 19:08:54.420  INFO 10832 --- [localhost-startStop-1] o.a.c.c.C.[.[localhost].[/api/v1]        : Initializing Spring embedded WebApplicationContext
2018-09-13 19:08:54.421  INFO 10832 --- [localhost-startStop-1] o.s.web.context.ContextLoader            : Root WebApplicationContext: initialization completed in 3404 ms
2018-09-13 19:08:54.525  INFO 10832 --- [localhost-startStop-1] o.s.b.w.servlet.ServletRegistrationBean  : Servlet dispatcherServlet mapped to [/]
2018-09-13 19:08:54.537  INFO 10832 --- [localhost-startStop-1] o.s.b.w.servlet.FilterRegistrationBean   : Mapping filter: 'characterEncodingFilter' to: [/*]
2018-09-13 19:08:54.539  INFO 10832 --- [localhost-startStop-1] o.s.b.w.servlet.FilterRegistrationBean   : Mapping filter: 'hiddenHttpMethodFilter' to: [/*]
2018-09-13 19:08:54.540  INFO 10832 --- [localhost-startStop-1] o.s.b.w.servlet.FilterRegistrationBean   : Mapping filter: 'httpPutFormContentFilter' to: [/*]
2018-09-13 19:08:54.540  INFO 10832 --- [localhost-startStop-1] o.s.b.w.servlet.FilterRegistrationBean   : Mapping filter: 'requestContextFilter' to: [/*]
2018-09-13 19:08:55.672  INFO 10832 --- [main] o.s.w.s.handler.SimpleUrlHandlerMapping  : Mapped URL path [/**/favicon.ico] onto handler of type [class org.springframework.web.servlet.resource.ResourceHttpRequestHandler]
2018-09-13 19:08:56.235  INFO 10832 --- [main] s.w.s.m.m.a.RequestMappingHandlerAdapter : Looking for @ControllerAdvice: org.springframework.boot.web.servlet.context.AnnotationConfigServletWebServerApplicationContext@4218d6a3: startup date [Thu Sep 13 19:08:51 CST 2018]; root of context hierarchy
2018-09-13 19:08:56.315  INFO 10832 --- [main] s.w.s.m.m.a.RequestMappingHandlerMapping : Mapped "{[/test]}" onto public java.lang.String com.jack.controller.Test.test()
2018-09-13 19:08:56.322  INFO 10832 --- [main] s.w.s.m.m.a.RequestMappingHandlerMapping : Mapped "{[/error]}" onto public org.springframework.http.ResponseEntity<java.util.Map<java.lang.String, java.lang.Object>> org.springframework.boot.autoconfigure.web.servlet.error.BasicErrorController.error(javax.servlet.http.HttpServletRequest)
2018-09-13 19:08:56.324  INFO 10832 --- [main] s.w.s.m.m.a.RequestMappingHandlerMapping : Mapped "{[/error],produces=[text/html]}" onto public org.springframework.web.servlet.ModelAndView org.springframework.boot.autoconfigure.web.servlet.error.BasicErrorController.errorHtml(javax.servlet.http.HttpServletRequest,javax.servlet.http.HttpServletResponse)
2018-09-13 19:08:56.378  INFO 10832 --- [main] o.s.w.s.handler.SimpleUrlHandlerMapping  : Mapped URL path [/webjars/**] onto handler of type [class org.springframework.web.servlet.resource.ResourceHttpRequestHandler]
2018-09-13 19:08:56.379  INFO 10832 --- [main] o.s.w.s.handler.SimpleUrlHandlerMapping  : Mapped URL path [/**] onto handler of type [class org.springframework.web.servlet.resource.ResourceHttpRequestHandler]
2018-09-13 19:08:56.790  INFO 10832 --- [main] o.s.j.e.a.AnnotationMBeanExporter        : Registering beans for JMX exposure on startup
2018-09-13 19:08:56.793  INFO 10832 --- [main] o.s.j.e.a.AnnotationMBeanExporter        : Bean with name 'dataSource' has been autodetected for JMX exposure
2018-09-13 19:08:56.804  INFO 10832 --- [main] o.s.j.e.a.AnnotationMBeanExporter        : Located MBean 'dataSource': registering with JMX server as MBean [com.zaxxer.hikari:name=dataSource,type=HikariDataSource]
2018-09-13 19:08:56.880  INFO 10832 --- [main] o.s.b.w.embedded.tomcat.TomcatWebServer  : Tomcat started on port(s): 8888 (http) with context path '/api/v1'
2018-09-13 19:08:56.889  INFO 10832 --- [main] com.jack.Mybatis                         : Started Mybatis in 7.021 seconds (JVM running for 8.73)
2018-09-13 19:09:01.936  INFO 10832 --- [http-nio-8888-exec-1] o.a.c.c.C.[.[localhost].[/api/v1]        : Initializing Spring FrameworkServlet 'dispatcherServlet'
2018-09-13 19:09:01.937  INFO 10832 --- [http-nio-8888-exec-1] o.s.web.servlet.DispatcherServlet        : FrameworkServlet 'dispatcherServlet': initialization started
2018-09-13 19:09:01.966  INFO 10832 --- [http-nio-8888-exec-1] o.s.web.servlet.DispatcherServlet        : FrameworkServlet 'dispatcherServlet': initialization completed in 27 ms
2018-09-13 19:09:02.033  INFO 10832 --- [http-nio-8888-exec-1] com.zaxxer.hikari.HikariDataSource       : HikariPool-1 - Starting...
2018-09-13 19:09:02.355  INFO 10832 --- [http-nio-8888-exec-1] com.zaxxer.hikari.HikariDataSource       : HikariPool-1 - Start completed.
